2026-04-28 15:02:10,868 - __main__ - INFO - Запуск утилиты исправления кодировки...
2026-04-28 15:02:10,868 - __main__ - INFO - Сканирование директории: D:\Programmers Project\AllInclusev\ыыы — копия\AllInclusiveParser
2026-04-28 15:02:10,869 - __main__ - INFO - Файл уже в UTF-8 кодировке: D:\Programmers Project\AllInclusev\ыыы — копия\AllInclusiveParser\automation.py
2026-04-28 15:02:10,872 - __main__ - WARNING - Не удалось определить кодировку файла: D:\Programmers Project\AllInclusev\ыыы — копия\AllInclusiveParser\channels.txt
2026-04-28 15:02:10,872 - __main__ - WARNING - Не удалось определить кодировку файла: D:\Programmers Project\AllInclusev\ыыы — копия\AllInclusiveParser\config.json
2026-04-28 15:02:10,873 - __main__ - WARNING - Не удалось определить кодировку файла: D:\Programmers Project\AllInclusev\ыыы — копия\AllInclusiveParser\google-credentials.json
2026-04-28 15:02:10,873 - __main__ - INFO - Файл уже в UTF-8 кодировке: D:\Programmers Project\AllInclusev\ыыы — копия\AllInclusiveParser\launcher.bat
2026-04-28 15:02:10,873 - __main__ - INFO - Файл уже в UTF-8 кодировке: D:\Programmers Project\AllInclusev\ыыы — копия\AllInclusiveParser\main.py
2026-04-28 15:02:10,873 - __main__ - INFO - Файл уже в UTF-8 кодировке: D:\Programmers Project\AllInclusev\ыыы — копия\AllInclusiveParser\README.md
2026-04-28 15:02:10,873 - __main__ - WARNING - Не удалось определить кодировку файла: D:\Programmers Project\AllInclusev\ыыы — копия\AllInclusiveParser\requirements.txt
2026-04-28 15:02:10,878 - __main__ - INFO - Файл уже в UTF-8 кодировке: D:\Programmers Project\AllInclusev\ыыы — копия\AllInclusiveParser\.kiro\specs\chat-and-topic-support\design.md
2026-04-28 15:02:10,879 - __main__ - INFO - Файл уже в UTF-8 кодировке: D:\Programmers Project\AllInclusev\ыыы — копия\AllInclusiveParser\.kiro\specs\chat-and-topic-support\requirements.md
2026-04-28 15:02:10,879 - __main__ - INFO - Файл уже в UTF-8 кодировке: D:\Programmers Project\AllInclusev\ыыы — копия\AllInclusiveParser\.kiro\specs\chat-and-topic-support\tasks.md
2026-04-28 15:02:10,879 - __main__ - INFO - Файл уже в UTF-8 кодировке: D:\Programmers Project\AllInclusev\ыыы — копия\AllInclusiveParser\.kiro\specs\notebooklm-telegram-automation\design.md
2026-04-28 15:02:10,879 - __main__ - INFO - Файл уже в UTF-8 кодировке: D:\Programmers Project\AllInclusev\ыыы — копия\AllInclusiveParser\.kiro\specs\notebooklm-telegram-automation\requirements.md
2026-04-28 15:02:10,880 - __main__ - INFO - Файл уже в UTF-8 кодировке: D:\Programmers Project\AllInclusev\ыыы — копия\AllInclusiveParser\.kiro\specs\notebooklm-telegram-automation\tasks.md
2026-04-28 15:02:10,880 - __main__ - INFO - Файл уже в UTF-8 кодировке: D:\Programmers Project\AllInclusev\ыыы — копия\AllInclusiveParser\.kiro\specs\telegram-parser-refactoring\design.md
2026-04-28 15:02:10,880 - __main__ - INFO - Файл уже в UTF-8 кодировке: D:\Programmers Project\AllInclusev\ыыы — копия\AllInclusiveParser\.kiro\specs\telegram-parser-refactoring\requirements.md
2026-04-28 15:02:10,880 - __main__ - INFO - Файл уже в UTF-8 кодировке: D:\Programmers Project\AllInclusev\ыыы — копия\AllInclusiveParser\.kiro\specs\telegram-parser-refactoring\tasks.md
2026-04-28 15:02:10,880 - __main__ - INFO - Файл уже в UTF-8 кодировке: D:\Programmers Project\AllInclusev\ыыы — копия\AllInclusiveParser\.kiro\steering\project-rules.md
2026-04-28 15:02:10,881 - __main__ - INFO - Файл уже в UTF-8 кодировке: D:\Programmers Project\AllInclusev\ыыы — копия\AllInclusiveParser\config\prompts.json
2026-04-28 15:02:10,881 - __main__ - INFO - Файл уже в UTF-8 кодировке: D:\Programmers Project\AllInclusev\ыыы — копия\AllInclusiveParser\docs\PROJECT_STRUCTURE.md
2026-04-28 15:02:10,882 - __main__ - WARNING - Не удалось определить кодировку файла: D:\Programmers Project\AllInclusev\ыыы — копия\AllInclusiveParser\htmlcov\status.json
2026-04-28 15:02:10,883 - __main__ - INFO - Файл уже в UTF-8 кодировке: D:\Programmers Project\AllInclusev\ыыы — копия\AllInclusiveParser\launchers\README.md
2026-04-28 15:02:10,883 - __main__ - INFO - Файл уже в UTF-8 кодировке: D:\Programmers Project\AllInclusev\ыыы — копия\AllInclusiveParser\launchers\run.bat
2026-04-28 15:02:10,884 - __main__ - INFO - Добавлена команда chcp 65001 в файл: D:\Programmers Project\AllInclusev\ыыы — копия\AllInclusiveParser\launchers\run_automation.bat
2026-04-28 15:02:10,884 - __main__ - INFO - Добавлена команда chcp 65001 в файл: D:\Programmers Project\AllInclusev\ыыы — копия\AllInclusiveParser\launchers\run_automation_scheduled.bat
2026-04-28 15:02:10,885 - __main__ - INFO - Добавлена команда chcp 65001 в файл: D:\Programmers Project\AllInclusev\ыыы — копия\AllInclusiveParser\launchers\run_automation_yesterday.bat
2026-04-28 15:02:10,885 - __main__ - WARNING - Не удалось определить кодировку файла: D:\Programmers Project\AllInclusev\ыыы — копия\AllInclusiveParser\launchers\setup_enhanced.bat
2026-04-28 15:02:10,886 - __main__ - INFO - Файл уже в UTF-8 кодировке: D:\Programmers Project\AllInclusev\ыыы — копия\AllInclusiveParser\scripts\auth_telegram.py
2026-04-28 15:02:10,886 - __main__ - INFO - Файл уже в UTF-8 кодировке: D:\Programmers Project\AllInclusev\ыыы — копия\AllInclusiveParser\scripts\check_config.py
2026-04-28 15:02:10,886 - __main__ - INFO - Файл уже в UTF-8 кодировке: D:\Programmers Project\AllInclusev\ыыы — копия\AllInclusiveParser\scripts\fix_encoding.py
2026-04-28 15:02:10,887 - __main__ - INFO - Файл уже в UTF-8 кодировке: D:\Programmers Project\AllInclusev\ыыы — копия\AllInclusiveParser\scripts\README.md
2026-04-28 15:02:10,887 - __main__ - INFO - Файл уже в UTF-8 кодировке: D:\Programmers Project\AllInclusev\ыыы — копия\AllInclusiveParser\src\config.py
2026-04-28 15:02:10,888 - __main__ - INFO - Файл уже в UTF-8 кодировке: D:\Programmers Project\AllInclusev\ыыы — копия\AllInclusiveParser\src\__init__.py
2026-04-28 15:02:10,888 - __main__ - INFO - Файл уже в UTF-8 кодировке: D:\Programmers Project\AllInclusev\ыыы — копия\AllInclusiveParser\src\automation\config_validator.py
2026-04-28 15:02:10,888 - __main__ - INFO - Файл уже в UTF-8 кодировке: D:\Programmers Project\AllInclusev\ыыы — копия\AllInclusiveParser\src\automation\models.py
2026-04-28 15:02:10,889 - __main__ - INFO - Файл уже в UTF-8 кодировке: D:\Programmers Project\AllInclusev\ыыы — копия\AllInclusiveParser\src\automation\orchestrator.py
2026-04-28 15:02:10,889 - __main__ - INFO - Файл уже в UTF-8 кодировке: D:\Programmers Project\AllInclusev\ыыы — копия\AllInclusiveParser\src\automation\README.md
2026-04-28 15:02:10,889 - __main__ - INFO - Файл уже в UTF-8 кодировке: D:\Programmers Project\AllInclusev\ыыы — копия\AllInclusiveParser\src\automation\test_config_validator.py
2026-04-28 15:02:10,889 - __main__ - INFO - Файл уже в UTF-8 кодировке: D:\Programmers Project\AllInclusev\ыыы — копия\AllInclusiveParser\src\automation\test_models.py
2026-04-28 15:02:10,890 - __main__ - INFO - Файл уже в UTF-8 кодировке: D:\Programmers Project\AllInclusev\ыыы — копия\AllInclusiveParser\src\automation\test_orchestrator.py
2026-04-28 15:02:10,890 - __main__ - INFO - Файл уже в UTF-8 кодировке: D:\Programmers Project\AllInclusev\ыыы — копия\AllInclusiveParser\src\automation\__init__.py
2026-04-28 15:02:10,891 - __main__ - INFO - Файл уже в UTF-8 кодировке: D:\Programmers Project\AllInclusev\ыыы — копия\AllInclusiveParser\src\core\test_unified_parser.py
2026-04-28 15:02:10,891 - __main__ - INFO - Файл уже в UTF-8 кодировке: D:\Programmers Project\AllInclusev\ыыы — копия\AllInclusiveParser\src\core\unified_parser.py
2026-04-28 15:02:10,892 - __main__ - WARNING - Не удалось определить кодировку файла: D:\Programmers Project\AllInclusev\ыыы — копия\AllInclusiveParser\src\core\__init__.py
2026-04-28 15:02:10,892 - __main__ - INFO - Файл уже в UTF-8 кодировке: D:\Programmers Project\AllInclusev\ыыы — копия\AllInclusiveParser\src\database\models.py
2026-04-28 15:02:10,892 - __main__ - INFO - Файл уже в UTF-8 кодировке: D:\Programmers Project\AllInclusev\ыыы — копия\AllInclusiveParser\src\database\test_models.py
2026-04-28 15:02:10,893 - __main__ - WARNING - Не удалось определить кодировку файла: D:\Programmers Project\AllInclusev\ыыы — копия\AllInclusiveParser\src\database\__init__.py
2026-04-28 15:02:10,893 - __main__ - INFO - Файл уже в UTF-8 кодировке: D:\Programmers Project\AllInclusev\ыыы — копия\AllInclusiveParser\src\export\advanced_export.py
2026-04-28 15:02:10,893 - __main__ - INFO - Файл уже в UTF-8 кодировке: D:\Programmers Project\AllInclusev\ыыы — копия\AllInclusiveParser\src\export\excel.py
2026-04-28 15:02:10,893 - __main__ - INFO - Файл уже в UTF-8 кодировке: D:\Programmers Project\AllInclusev\ыыы — копия\AllInclusiveParser\src\export\google_docs.py
2026-04-28 15:02:10,893 - __main__ - INFO - Файл уже в UTF-8 кодировке: D:\Programmers Project\AllInclusev\ыыы — копия\AllInclusiveParser\src\export\__init__.py
2026-04-28 15:02:10,894 - __main__ - INFO - Файл уже в UTF-8 кодировке: D:\Programmers Project\AllInclusev\ыыы — копия\AllInclusiveParser\src\notebooklm\client.py
2026-04-28 15:02:10,894 - __main__ - INFO - Файл уже в UTF-8 кодировке: D:\Programmers Project\AllInclusev\ыыы — копия\AllInclusiveParser\src\notebooklm\file_manager.py
2026-04-28 15:02:10,894 - __main__ - INFO - Файл уже в UTF-8 кодировке: D:\Programmers Project\AllInclusev\ыыы — копия\AllInclusiveParser\src\notebooklm\summary_generator.py
2026-04-28 15:02:10,894 - __main__ - INFO - Файл уже в UTF-8 кодировке: D:\Programmers Project\AllInclusev\ыыы — копия\AllInclusiveParser\src\notebooklm\test_client.py
2026-04-28 15:02:10,894 - __main__ - INFO - Файл уже в UTF-8 кодировке: D:\Programmers Project\AllInclusev\ыыы — копия\AllInclusiveParser\src\notebooklm\test_file_manager.py
2026-04-28 15:02:10,895 - __main__ - INFO - Файл уже в UTF-8 кодировке: D:\Programmers Project\AllInclusev\ыыы — копия\AllInclusiveParser\src\notebooklm\test_file_manager_properties.py
2026-04-28 15:02:10,895 - __main__ - INFO - Файл уже в UTF-8 кодировке: D:\Programmers Project\AllInclusev\ыыы — копия\AllInclusiveParser\src\notebooklm\test_summary_generator.py
2026-04-28 15:02:10,895 - __main__ - INFO - Файл уже в UTF-8 кодировке: D:\Programmers Project\AllInclusev\ыыы — копия\AllInclusiveParser\src\notebooklm\test_summary_generator_properties.py
2026-04-28 15:02:10,895 - __main__ - INFO - Файл уже в UTF-8 кодировке: D:\Programmers Project\AllInclusev\ыыы — копия\AllInclusiveParser\src\notebooklm\__init__.py
2026-04-28 15:02:10,896 - __main__ - INFO - Файл уже в UTF-8 кодировке: D:\Programmers Project\AllInclusev\ыыы — копия\AllInclusiveParser\src\parsers\__init__.py
2026-04-28 15:02:10,896 - __main__ - INFO - Файл уже в UTF-8 кодировке: D:\Programmers Project\AllInclusev\ыыы — копия\AllInclusiveParser\src\telegram\auth.py
2026-04-28 15:02:10,897 - __main__ - INFO - Файл уже в UTF-8 кодировке: D:\Programmers Project\AllInclusev\ыыы — копия\AllInclusiveParser\src\telegram\chat_message_fetcher.py
2026-04-28 15:02:10,897 - __main__ - INFO - Файл уже в UTF-8 кодировке: D:\Programmers Project\AllInclusev\ыыы — копия\AllInclusiveParser\src\telegram\comment_fetcher.py
2026-04-28 15:02:10,897 - __main__ - INFO - Файл уже в UTF-8 кодировке: D:\Programmers Project\AllInclusev\ыыы — копия\AllInclusiveParser\src\telegram\connection_manager.py
2026-04-28 15:02:10,897 - __main__ - INFO - Файл уже в UTF-8 кодировке: D:\Programmers Project\AllInclusev\ыыы — копия\AllInclusiveParser\src\telegram\link_formatter.py
2026-04-28 15:02:10,898 - __main__ - INFO - Файл уже в UTF-8 кодировке: D:\Programmers Project\AllInclusev\ыыы — копия\AllInclusiveParser\src\telegram\message_fetcher.py
2026-04-28 15:02:10,898 - __main__ - INFO - Файл уже в UTF-8 кодировке: D:\Programmers Project\AllInclusev\ыыы — копия\AllInclusiveParser\src\telegram\source_detector.py
2026-04-28 15:02:10,898 - __main__ - INFO - Файл уже в UTF-8 кодировке: D:\Programmers Project\AllInclusev\ыыы — копия\AllInclusiveParser\src\telegram\telegram_sender.py
2026-04-28 15:02:10,899 - __main__ - INFO - Файл уже в UTF-8 кодировке: D:\Programmers Project\AllInclusev\ыыы — копия\AllInclusiveParser\src\telegram\test_link_formatter.py
2026-04-28 15:02:10,899 - __main__ - INFO - Файл уже в UTF-8 кодировке: D:\Programmers Project\AllInclusev\ыыы — копия\AllInclusiveParser\src\telegram\test_source_detector.py
2026-04-28 15:02:10,899 - __main__ - INFO - Файл уже в UTF-8 кодировке: D:\Programmers Project\AllInclusev\ыыы — копия\AllInclusiveParser\src\telegram\test_source_detector_properties.py
2026-04-28 15:02:10,900 - __main__ - INFO - Файл уже в UTF-8 кодировке: D:\Programmers Project\AllInclusev\ыыы — копия\AllInclusiveParser\src\telegram\test_telegram_sender.py
2026-04-28 15:02:10,900 - __main__ - INFO - Файл уже в UTF-8 кодировке: D:\Programmers Project\AllInclusev\ыыы — копия\AllInclusiveParser\src\telegram\test_telegram_sender_properties.py
2026-04-28 15:02:10,900 - __main__ - INFO - Файл уже в UTF-8 кодировке: D:\Programmers Project\AllInclusev\ыыы — копия\AllInclusiveParser\src\telegram\test_topic_manager.py
2026-04-28 15:02:10,900 - __main__ - INFO - Файл уже в UTF-8 кодировке: D:\Programmers Project\AllInclusev\ыыы — копия\AllInclusiveParser\src\telegram\test_topic_manager_properties.py
2026-04-28 15:02:10,901 - __main__ - INFO - Файл уже в UTF-8 кодировке: D:\Programmers Project\AllInclusev\ыыы — копия\AllInclusiveParser\src\telegram\topic_manager.py
2026-04-28 15:02:10,901 - __main__ - INFO - Файл уже в UTF-8 кодировке: D:\Programmers Project\AllInclusev\ыыы — копия\AllInclusiveParser\src\telegram\__init__.py
2026-04-28 15:02:10,902 - __main__ - INFO - Файл уже в UTF-8 кодировке: D:\Programmers Project\AllInclusev\ыыы — копия\AllInclusiveParser\src\utils\channels_loader.py
2026-04-28 15:02:10,902 - __main__ - INFO - Файл уже в UTF-8 кодировке: D:\Programmers Project\AllInclusev\ыыы — копия\AllInclusiveParser\src\utils\date_utils.py
2026-04-28 15:02:10,902 - __main__ - INFO - Файл уже в UTF-8 кодировке: D:\Programmers Project\AllInclusev\ыыы — копия\AllInclusiveParser\src\utils\encryption.py
2026-04-28 15:02:10,902 - __main__ - INFO - Файл уже в UTF-8 кодировке: D:\Programmers Project\AllInclusev\ыыы — копия\AllInclusiveParser\src\utils\error_handler.py
2026-04-28 15:02:10,903 - __main__ - INFO - Файл уже в UTF-8 кодировке: D:\Programmers Project\AllInclusev\ыыы — копия\AllInclusiveParser\src\utils\logger.py
2026-04-28 15:02:10,903 - __main__ - INFO - Файл уже в UTF-8 кодировке: D:\Programmers Project\AllInclusev\ыыы — копия\AllInclusiveParser\src\utils\notifications.py
2026-04-28 15:02:10,903 - __main__ - INFO - Файл уже в UTF-8 кодировке: D:\Programmers Project\AllInclusev\ыыы — копия\AllInclusiveParser\src\utils\retry.py
2026-04-28 15:02:10,903 - __main__ - INFO - Файл уже в UTF-8 кодировке: D:\Programmers Project\AllInclusev\ыыы — копия\AllInclusiveParser\src\utils\scheduler.py
2026-04-28 15:02:10,904 - __main__ - INFO - Файл уже в UTF-8 кодировке: D:\Programmers Project\AllInclusev\ыыы — копия\AllInclusiveParser\src\utils\test_date_utils.py
2026-04-28 15:02:10,904 - __main__ - INFO - Файл уже в UTF-8 кодировке: D:\Programmers Project\AllInclusev\ыыы — копия\AllInclusiveParser\src\utils\test_error_handler.py
2026-04-28 15:02:10,905 - __main__ - INFO - Файл уже в UTF-8 кодировке: D:\Programmers Project\AllInclusev\ыыы — копия\AllInclusiveParser\src\utils\__init__.py
2026-04-28 15:02:10,906 - __main__ - INFO - Файл уже в UTF-8 кодировке: D:\Programmers Project\AllInclusev\ыыы — копия\AllInclusiveParser\tests\test_backward_compatibility.py
2026-04-28 15:02:10,906 - __main__ - INFO - Файл уже в UTF-8 кодировке: D:\Programmers Project\AllInclusev\ыыы — копия\AllInclusiveParser\tests\test_database_properties.py
2026-04-28 15:02:10,906 - __main__ - INFO - Файл уже в UTF-8 кодировке: D:\Programmers Project\AllInclusev\ыыы — копия\AllInclusiveParser\tests\test_database_schema.py
2026-04-28 15:02:10,907 - __main__ - INFO - Файл уже в UTF-8 кодировке: D:\Programmers Project\AllInclusev\ыыы — копия\AllInclusiveParser\tests\test_e2e_chat_and_topic_support.py
2026-04-28 15:02:10,907 - __main__ - INFO - Файл уже в UTF-8 кодировке: D:\Programmers Project\AllInclusev\ыыы — копия\AllInclusiveParser\tests\test_error_handler_properties.py
2026-04-28 15:02:10,908 - __main__ - INFO - Файл уже в UTF-8 кодировке: D:\Programmers Project\AllInclusev\ыыы — копия\AllInclusiveParser\tests\test_error_handler_unit.py
2026-04-28 15:02:10,908 - __main__ - INFO - Файл уже в UTF-8 кодировке: D:\Programmers Project\AllInclusev\ыыы — копия\AllInclusiveParser\tests\test_exporter_properties.py
2026-04-28 15:02:10,908 - __main__ - INFO - Файл уже в UTF-8 кодировке: D:\Programmers Project\AllInclusev\ыыы — копия\AllInclusiveParser\tests\test_exporter_unit.py
2026-04-28 15:02:10,908 - __main__ - INFO - Файл уже в UTF-8 кодировке: D:\Programmers Project\AllInclusev\ыыы — копия\AllInclusiveParser\tests\test_message_fetcher_integration.py
2026-04-28 15:02:10,909 - __main__ - INFO - Файл уже в UTF-8 кодировке: D:\Programmers Project\AllInclusev\ыыы — копия\AllInclusiveParser\tests\test_message_fetcher_properties.py
2026-04-28 15:02:10,909 - __main__ - INFO - Файл уже в UTF-8 кодировке: D:\Programmers Project\AllInclusev\ыыы — копия\AllInclusiveParser\tests\__init__.py
2026-04-28 15:02:10,909 - __main__ - INFO - Файл уже в UTF-8 кодировке: D:\Programmers Project\AllInclusev\ыыы — копия\AllInclusiveParser\tests\integration\test_database_integration.py
2026-04-28 15:02:10,910 - __main__ - INFO - Файл уже в UTF-8 кодировке: D:\Programmers Project\AllInclusev\ыыы — копия\AllInclusiveParser\tests\integration\test_unified_parser_integration.py
2026-04-28 15:02:10,910 - __main__ - WARNING - Не удалось определить кодировку файла: D:\Programmers Project\AllInclusev\ыыы — копия\AllInclusiveParser\tests\integration\__init__.py
2026-04-28 15:02:11,071 - __main__ - INFO - Обработка завершена за 0.20 секунд
2026-04-28 15:02:11,071 - __main__ - INFO - Просканировано файлов: 103
2026-04-28 15:02:11,071 - __main__ - INFO - Исправлено файлов: 3
